# JRE version: Java(TM) SE Runtime Environment (15.0.1+9) (build 15.0.1+9-18)
# Java VM: Java HotSpot(TM) 64-Bit Server VM (15.0.1+9-18, mixed mode, sharing, tiered, compressed oops, g1 gc, windows-amd64)
GC Precious Log:
 CPUs: 4 total, 4 available
 Memory: 8008M
 Large Page Support: Disabled
 NUMA Support: Disabled
 Compressed Oops: Enabled (32-bit)
 Heap Region Size: 1M
 Heap Min Capacity: 256M
 Heap Initial Capacity: 256M
 Heap Max Capacity: 512M
 Pre-touch: Disabled
 Parallel Workers: 4
 Concurrent Workers: 1
 Concurrent Refinement Workers: 4
 Periodic GC: Disabled
Heap:
 garbage-first heap   total 262144K, used 99868K [0x00000000e0000000, 0x0000000100000000)
  region size 1024K, 76 young (77824K), 19 survivors (19456K)
 Metaspace       used 55353K, capacity 56234K, committed 56448K, reserved 303104K
  class space    used 7005K, capacity 7242K, committed 7296K, reserved 253952K
GC Heap History (12 events):
Event: 1.963 GC heap before
{Heap before GC invocations=0 (full 0):
 garbage-first heap   total 262144K, used 18432K [0x00000000e0000000, 0x0000000100000000)
  region size 1024K, 13 young (13312K), 0 survivors (0K)
 Metaspace       used 1705K, capacity 5209K, committed 5376K, reserved 262144K
  class space    used 168K, capacity 499K, committed 512K, reserved 253952K
}
Event: 2.082 GC heap after
{Heap after GC invocations=1 (full 0):
 garbage-first heap   total 262144K, used 7882K [0x00000000e0000000, 0x0000000100000000)
  region size 1024K, 2 young (2048K), 2 survivors (2048K)
 Metaspace       used 1705K, capacity 5209K, committed 5376K, reserved 262144K
  class space    used 168K, capacity 499K, committed 512K, reserved 253952K
}
Event: 4.347 GC heap before
{Heap before GC invocations=1 (full 0):
 garbage-first heap   total 262144K, used 20170K [0x00000000e0000000, 0x0000000100000000)
  region size 1024K, 14 young (14336K), 2 survivors (2048K)
 Metaspace       used 3864K, capacity 6469K, committed 6656K, reserved 262144K
  class space    used 472K, capacity 727K, committed 768K, reserved 253952K
}
Event: 4.352 GC heap after
{Heap after GC invocations=2 (full 0):
 garbage-first heap   total 262144K, used 8763K [0x00000000e0000000, 0x0000000100000000)
  region size 1024K, 1 young (1024K), 1 survivors (1024K)
 Metaspace       used 3864K, capacity 6469K, committed 6656K, reserved 262144K
  class space    used 472K, capacity 727K, committed 768K, reserved 253952K
}
Event: 5.920 GC heap before
{Heap before GC invocations=2 (full 0):
 garbage-first heap   total 262144K, used 31291K [0x00000000e0000000, 0x0000000100000000)
  region size 1024K, 24 young (24576K), 1 survivors (1024K)
 Metaspace       used 4003K, capacity 6533K, committed 6656K, reserved 262144K
  class space    used 477K, capacity 727K, committed 768K, reserved 253952K
}
Event: 5.926 GC heap after
{Heap after GC invocations=3 (full 0):
 garbage-first heap   total 262144K, used 12386K [0x00000000e0000000, 0x0000000100000000)
  region size 1024K, 3 young (3072K), 3 survivors (3072K)
 Metaspace       used 4003K, capacity 6533K, committed 6656K, reserved 262144K
  class space    used 477K, capacity 727K, committed 768K, reserved 253952K
}
Event: 75.040 GC heap before
{Heap before GC invocations=3 (full 0):
 garbage-first heap   total 262144K, used 103522K [0x00000000e0000000, 0x0000000100000000)
  region size 1024K, 93 young (95232K), 3 survivors (3072K)
 Metaspace       used 20623K, capacity 21021K, committed 21248K, reserved 272384K
  class space    used 2940K, capacity 3068K, committed 3072K, reserved 253952K
}
Event: 75.062 GC heap after
{Heap after GC invocations=4 (full 0):
 garbage-first heap   total 262144K, used 19064K [0x00000000e0000000, 0x0000000100000000)
  region size 1024K, 10 young (10240K), 10 survivors (10240K)
 Metaspace       used 20623K, capacity 21021K, committed 21248K, reserved 272384K
  class space    used 2940K, capacity 3068K, committed 3072K, reserved 253952K
}
Event: 87.689 GC heap before
{Heap before GC invocations=5 (full 0):
 garbage-first heap   total 262144K, used 100984K [0x00000000e0000000, 0x0000000100000000)
  region size 1024K, 88 young (90112K), 10 survivors (10240K)
 Metaspace       used 34841K, capacity 35398K, committed 35584K, reserved 284672K
  class space    used 4544K, capacity 4740K, committed 4864K, reserved 253952K
}
Event: 87.715 GC heap after
{Heap after GC invocations=6 (full 0):
 garbage-first heap   total 262144K, used 27188K [0x00000000e0000000, 0x0000000100000000)
  region size 1024K, 15 young (15360K), 15 survivors (15360K)
 Metaspace       used 34841K, capacity 35398K, committed 35584K, reserved 284672K
  class space    used 4544K, capacity 4740K, committed 4864K, reserved 253952K
}
Event: 107.682 GC heap before
{Heap before GC invocations=7 (full 0):
 garbage-first heap   total 262144K, used 170548K [0x00000000e0000000, 0x0000000100000000)
  region size 1024K, 151 young (154624K), 15 survivors (15360K)
 Metaspace       used 49085K, capacity 49891K, committed 50048K, reserved 299008K
  class space    used 6280K, capacity 6526K, committed 6528K, reserved 253952K
}
Event: 107.725 GC heap after
{Heap after GC invocations=8 (full 0):
 garbage-first heap   total 262144K, used 41500K [0x00000000e0000000, 0x0000000100000000)
  region size 1024K, 19 young (19456K), 19 survivors (19456K)
 Metaspace       used 49085K, capacity 49891K, committed 50048K, reserved 299008K
  class space    used 6280K, capacity 6526K, committed 6528K, reserved 253952K
}

