# JRE version: Java(TM) SE Runtime Environment (15.0.1+9) (build 15.0.1+9-18)
# Java VM: Java HotSpot(TM) 64-Bit Server VM (15.0.1+9-18, mixed mode, sharing, tiered, compressed oops, g1 gc, windows-amd64)
GC Precious Log:
 CPUs: 4 total, 4 available
 Memory: 8008M
 Large Page Support: Disabled
 NUMA Support: Disabled
 Compressed Oops: Enabled (32-bit)
 Heap Region Size: 1M
 Heap Min Capacity: 256M
 Heap Initial Capacity: 256M
 Heap Max Capacity: 512M
 Pre-touch: Disabled
 Parallel Workers: 4
 Concurrent Workers: 1
 Concurrent Refinement Workers: 4
 Periodic GC: Disabled
Heap:
 garbage-first heap   total 488448K, used 291328K [0x00000000e0000000, 0x0000000100000000)
  region size 1024K, 95 young (97280K), 9 survivors (9216K)
 Metaspace       used 85077K, capacity 86814K, committed 87088K, reserved 329728K
  class space    used 11049K, capacity 11534K, committed 11648K, reserved 253952K
GC Heap History (20 events):
Event: 67.633 GC heap before
{Heap before GC invocations=33 (full 0):
 garbage-first heap   total 414720K, used 352837K [0x00000000e0000000, 0x0000000100000000)
  region size 1024K, 189 young (193536K), 15 survivors (15360K)
 Metaspace       used 84758K, capacity 86546K, committed 86832K, reserved 329728K
  class space    used 11045K, capacity 11532K, committed 11648K, reserved 253952K
}
Event: 67.670 GC heap after
{Heap after GC invocations=34 (full 0):
 garbage-first heap   total 414720K, used 176711K [0x00000000e0000000, 0x0000000100000000)
  region size 1024K, 13 young (13312K), 13 survivors (13312K)
 Metaspace       used 84758K, capacity 86546K, committed 86832K, reserved 329728K
  class space    used 11045K, capacity 11532K, committed 11648K, reserved 253952K
}
Event: 68.469 GC heap before
{Heap before GC invocations=34 (full 0):
 garbage-first heap   total 414720K, used 353863K [0x00000000e0000000, 0x0000000100000000)
  region size 1024K, 186 young (190464K), 13 survivors (13312K)
 Metaspace       used 84786K, capacity 86552K, committed 86832K, reserved 329728K
  class space    used 11045K, capacity 11533K, committed 11648K, reserved 253952K
}
Event: 68.500 GC heap after
{Heap after GC invocations=35 (full 0):
 garbage-first heap   total 414720K, used 179501K [0x00000000e0000000, 0x0000000100000000)
  region size 1024K, 12 young (12288K), 12 survivors (12288K)
 Metaspace       used 84786K, capacity 86552K, committed 86832K, reserved 329728K
  class space    used 11045K, capacity 11533K, committed 11648K, reserved 253952K
}
Event: 69.243 GC heap before
{Heap before GC invocations=35 (full 0):
 garbage-first heap   total 414720K, used 353581K [0x00000000e0000000, 0x0000000100000000)
  region size 1024K, 182 young (186368K), 12 survivors (12288K)
 Metaspace       used 84819K, capacity 86616K, committed 86832K, reserved 329728K
  class space    used 11045K, capacity 11533K, committed 11648K, reserved 253952K
}
Event: 69.267 GC heap after
{Heap after GC invocations=36 (full 0):
 garbage-first heap   total 414720K, used 178989K [0x00000000e0000000, 0x0000000100000000)
  region size 1024K, 11 young (11264K), 11 survivors (11264K)
 Metaspace       used 84819K, capacity 86616K, committed 86832K, reserved 329728K
  class space    used 11045K, capacity 11533K, committed 11648K, reserved 253952K
}
Event: 70.002 GC heap before
{Heap before GC invocations=36 (full 0):
 garbage-first heap   total 414720K, used 355117K [0x00000000e0000000, 0x0000000100000000)
  region size 1024K, 183 young (187392K), 11 survivors (11264K)
 Metaspace       used 84831K, capacity 86616K, committed 86832K, reserved 329728K
  class space    used 11045K, capacity 11533K, committed 11648K, reserved 253952K
}
Event: 70.035 GC heap after
{Heap after GC invocations=37 (full 0):
 garbage-first heap   total 414720K, used 184621K [0x00000000e0000000, 0x0000000100000000)
  region size 1024K, 17 young (17408K), 17 survivors (17408K)
 Metaspace       used 84831K, capacity 86616K, committed 86832K, reserved 329728K
  class space    used 11045K, capacity 11533K, committed 11648K, reserved 253952K
}
Event: 70.754 GC heap before
{Heap before GC invocations=37 (full 0):
 garbage-first heap   total 414720K, used 353581K [0x00000000e0000000, 0x0000000100000000)
  region size 1024K, 182 young (186368K), 17 survivors (17408K)
 Metaspace       used 84842K, capacity 86616K, committed 86832K, reserved 329728K
  class space    used 11046K, capacity 11533K, committed 11648K, reserved 253952K
}
Event: 70.794 GC heap after
{Heap after GC invocations=38 (full 0):
 garbage-first heap   total 414720K, used 186542K [0x00000000e0000000, 0x0000000100000000)
  region size 1024K, 15 young (15360K), 15 survivors (15360K)
 Metaspace       used 84842K, capacity 86616K, committed 86832K, reserved 329728K
  class space    used 11046K, capacity 11533K, committed 11648K, reserved 253952K
}
Event: 71.732 GC heap before
{Heap before GC invocations=38 (full 0):
 garbage-first heap   total 414720K, used 355502K [0x00000000e0000000, 0x0000000100000000)
  region size 1024K, 180 young (184320K), 15 survivors (15360K)
 Metaspace       used 84858K, capacity 86616K, committed 86832K, reserved 329728K
  class space    used 11046K, capacity 11533K, committed 11648K, reserved 253952K
}
Event: 71.769 GC heap after
{Heap after GC invocations=39 (full 0):
 garbage-first heap   total 414720K, used 189257K [0x00000000e0000000, 0x0000000100000000)
  region size 1024K, 13 young (13312K), 13 survivors (13312K)
 Metaspace       used 84858K, capacity 86616K, committed 86832K, reserved 329728K
  class space    used 11046K, capacity 11533K, committed 11648K, reserved 253952K
}
Event: 73.134 GC heap before
{Heap before GC invocations=39 (full 0):
 garbage-first heap   total 414720K, used 359241K [0x00000000e0000000, 0x0000000100000000)
  region size 1024K, 176 young (180224K), 13 survivors (13312K)
 Metaspace       used 85006K, capacity 86744K, committed 87088K, reserved 329728K
  class space    used 11046K, capacity 11533K, committed 11648K, reserved 253952K
}
Event: 73.166 GC heap after
{Heap after GC invocations=40 (full 0):
 garbage-first heap   total 414720K, used 191212K [0x00000000e0000000, 0x0000000100000000)
  region size 1024K, 9 young (9216K), 9 survivors (9216K)
 Metaspace       used 85006K, capacity 86744K, committed 87088K, reserved 329728K
  class space    used 11046K, capacity 11533K, committed 11648K, reserved 253952K
}
Event: 73.964 GC heap before
{Heap before GC invocations=40 (full 0):
 garbage-first heap   total 414720K, used 358124K [0x00000000e0000000, 0x0000000100000000)
  region size 1024K, 172 young (176128K), 9 survivors (9216K)
 Metaspace       used 85024K, capacity 86744K, committed 87088K, reserved 329728K
  class space    used 11047K, capacity 11533K, committed 11648K, reserved 253952K
}
Event: 74.003 GC heap after
{Heap after GC invocations=41 (full 0):
 garbage-first heap   total 414720K, used 197356K [0x00000000e0000000, 0x0000000100000000)
  region size 1024K, 15 young (15360K), 15 survivors (15360K)
 Metaspace       used 85024K, capacity 86744K, committed 87088K, reserved 329728K
  class space    used 11047K, capacity 11533K, committed 11648K, reserved 253952K
}
Event: 74.766 GC heap before
{Heap before GC invocations=41 (full 0):
 garbage-first heap   total 414720K, used 356076K [0x00000000e0000000, 0x0000000100000000)
  region size 1024K, 170 young (174080K), 15 survivors (15360K)
 Metaspace       used 85045K, capacity 86808K, committed 87088K, reserved 329728K
  class space    used 11048K, capacity 11533K, committed 11648K, reserved 253952K
}
Event: 74.809 GC heap after
{Heap after GC invocations=42 (full 0):
 garbage-first heap   total 414720K, used 205548K [0x00000000e0000000, 0x0000000100000000)
  region size 1024K, 19 young (19456K), 19 survivors (19456K)
 Metaspace       used 85045K, capacity 86808K, committed 87088K, reserved 329728K
  class space    used 11048K, capacity 11533K, committed 11648K, reserved 253952K
}
Event: 75.444 GC heap before
{Heap before GC invocations=42 (full 0):
 garbage-first heap   total 414720K, used 349932K [0x00000000e0000000, 0x0000000100000000)
  region size 1024K, 160 young (163840K), 19 survivors (19456K)
 Metaspace       used 85063K, capacity 86814K, committed 87088K, reserved 329728K
  class space    used 11049K, capacity 11534K, committed 11648K, reserved 253952K
}
Event: 75.478 GC heap after
{Heap after GC invocations=43 (full 0):
 garbage-first heap   total 414720K, used 205312K [0x00000000e0000000, 0x0000000100000000)
  region size 1024K, 9 young (9216K), 9 survivors (9216K)
 Metaspace       used 85063K, capacity 86814K, committed 87088K, reserved 329728K
  class space    used 11049K, capacity 11534K, committed 11648K, reserved 253952K
}

