# JRE version: Java(TM) SE Runtime Environment (15.0.1+9) (build 15.0.1+9-18)
# Java VM: Java HotSpot(TM) 64-Bit Server VM (15.0.1+9-18, mixed mode, sharing, tiered, compressed oops, g1 gc, windows-amd64)
GC Precious Log:
 CPUs: 4 total, 4 available
 Memory: 8008M
 Large Page Support: Disabled
 NUMA Support: Disabled
 Compressed Oops: Enabled (32-bit)
 Heap Region Size: 1M
 Heap Min Capacity: 256M
 Heap Initial Capacity: 256M
 Heap Max Capacity: 512M
 Pre-touch: Disabled
 Parallel Workers: 4
 Concurrent Workers: 1
 Concurrent Refinement Workers: 4
 Periodic GC: Disabled
Heap:
 garbage-first heap   total 262144K, used 201449K [0x00000000e0000000, 0x0000000100000000)
  region size 1024K, 77 young (78848K), 12 survivors (12288K)
 Metaspace       used 107573K, capacity 109789K, committed 109980K, reserved 350208K
  class space    used 13423K, capacity 14050K, committed 14156K, reserved 253952K
GC Heap History (20 events):
Event: 140.219 GC heap before
{Heap before GC invocations=15 (full 0):
 garbage-first heap   total 262144K, used 208646K [0x00000000e0000000, 0x0000000100000000)
  region size 1024K, 112 young (114688K), 10 survivors (10240K)
 Metaspace       used 94128K, capacity 95993K, committed 96156K, reserved 337920K
  class space    used 11791K, capacity 12330K, committed 12364K, reserved 253952K
}
Event: 140.247 GC heap after
{Heap after GC invocations=16 (full 0):
 garbage-first heap   total 262144K, used 111487K [0x00000000e0000000, 0x0000000100000000)
  region size 1024K, 13 young (13312K), 13 survivors (13312K)
 Metaspace       used 94128K, capacity 95993K, committed 96156K, reserved 337920K
  class space    used 11791K, capacity 12330K, committed 12364K, reserved 253952K
}
Event: 149.377 GC heap before
{Heap before GC invocations=16 (full 0):
 garbage-first heap   total 262144K, used 212863K [0x00000000e0000000, 0x0000000100000000)
  region size 1024K, 109 young (111616K), 13 survivors (13312K)
 Metaspace       used 95833K, capacity 97771K, committed 98076K, reserved 339968K
  class space    used 11841K, capacity 12367K, committed 12492K, reserved 253952K
}
Event: 149.401 GC heap after
{Heap after GC invocations=17 (full 0):
 garbage-first heap   total 262144K, used 113582K [0x00000000e0000000, 0x0000000100000000)
  region size 1024K, 8 young (8192K), 8 survivors (8192K)
 Metaspace       used 95833K, capacity 97771K, committed 98076K, reserved 339968K
  class space    used 11841K, capacity 12367K, committed 12492K, reserved 253952K
}
Event: 158.305 GC heap before
{Heap before GC invocations=17 (full 0):
 garbage-first heap   total 262144K, used 214958K [0x00000000e0000000, 0x0000000100000000)
  region size 1024K, 106 young (108544K), 8 survivors (8192K)
 Metaspace       used 96225K, capacity 98351K, committed 98588K, reserved 342016K
  class space    used 11865K, capacity 12418K, committed 12492K, reserved 253952K
}
Event: 158.335 GC heap after
{Heap after GC invocations=18 (full 0):
 garbage-first heap   total 262144K, used 119268K [0x00000000e0000000, 0x0000000100000000)
  region size 1024K, 14 young (14336K), 14 survivors (14336K)
 Metaspace       used 96225K, capacity 98351K, committed 98588K, reserved 342016K
  class space    used 11865K, capacity 12418K, committed 12492K, reserved 253952K
}
Event: 161.505 GC heap before
{Heap before GC invocations=18 (full 0):
 garbage-first heap   total 262144K, used 214500K [0x00000000e0000000, 0x0000000100000000)
  region size 1024K, 106 young (108544K), 14 survivors (14336K)
 Metaspace       used 96442K, capacity 98567K, committed 98844K, reserved 342016K
  class space    used 11871K, capacity 12426K, committed 12492K, reserved 253952K
}
Event: 161.539 GC heap after
{Heap after GC invocations=19 (full 0):
 garbage-first heap   total 262144K, used 126909K [0x00000000e0000000, 0x0000000100000000)
  region size 1024K, 12 young (12288K), 12 survivors (12288K)
 Metaspace       used 96442K, capacity 98567K, committed 98844K, reserved 342016K
  class space    used 11871K, capacity 12426K, committed 12492K, reserved 253952K
}
Event: 166.492 GC heap before
{Heap before GC invocations=19 (full 0):
 garbage-first heap   total 262144K, used 212925K [0x00000000e0000000, 0x0000000100000000)
  region size 1024K, 95 young (97280K), 12 survivors (12288K)
 Metaspace       used 96994K, capacity 99127K, committed 99356K, reserved 342016K
  class space    used 11928K, capacity 12461K, committed 12492K, reserved 253952K
}
Event: 166.501 GC heap after
{Heap after GC invocations=20 (full 0):
 garbage-first heap   total 262144K, used 122333K [0x00000000e0000000, 0x0000000100000000)
  region size 1024K, 4 young (4096K), 4 survivors (4096K)
 Metaspace       used 96994K, capacity 99127K, committed 99356K, reserved 342016K
  class space    used 11928K, capacity 12461K, committed 12492K, reserved 253952K
}
Event: 167.989 GC heap before
{Heap before GC invocations=20 (full 0):
 garbage-first heap   total 262144K, used 157149K [0x00000000e0000000, 0x0000000100000000)
  region size 1024K, 40 young (40960K), 4 survivors (4096K)
 Metaspace       used 97547K, capacity 99639K, committed 99740K, reserved 342016K
  class space    used 11986K, capacity 12525K, committed 12620K, reserved 253952K
}
Event: 168.001 GC heap after
{Heap after GC invocations=21 (full 0):
 garbage-first heap   total 262144K, used 122585K [0x00000000e0000000, 0x0000000100000000)
  region size 1024K, 7 young (7168K), 7 survivors (7168K)
 Metaspace       used 97547K, capacity 99639K, committed 99740K, reserved 342016K
  class space    used 11986K, capacity 12525K, committed 12620K, reserved 253952K
}
Event: 172.002 GC heap before
{Heap before GC invocations=22 (full 0):
 garbage-first heap   total 262144K, used 211673K [0x00000000e0000000, 0x0000000100000000)
  region size 1024K, 96 young (98304K), 7 survivors (7168K)
 Metaspace       used 98133K, capacity 100250K, committed 100380K, reserved 342016K
  class space    used 12080K, capacity 12686K, committed 12748K, reserved 253952K
}
Event: 172.017 GC heap after
{Heap after GC invocations=23 (full 0):
 garbage-first heap   total 262144K, used 122603K [0x00000000e0000000, 0x0000000100000000)
  region size 1024K, 8 young (8192K), 8 survivors (8192K)
 Metaspace       used 98133K, capacity 100250K, committed 100380K, reserved 342016K
  class space    used 12080K, capacity 12686K, committed 12748K, reserved 253952K
}
Event: 172.124 GC heap before
{Heap before GC invocations=23 (full 0):
 garbage-first heap   total 262144K, used 127723K [0x00000000e0000000, 0x0000000100000000)
  region size 1024K, 12 young (12288K), 8 survivors (8192K)
 Metaspace       used 98166K, capacity 100314K, committed 100380K, reserved 342016K
  class space    used 12086K, capacity 12686K, committed 12748K, reserved 253952K
}
Event: 172.198 GC heap after
{Heap after GC invocations=24 (full 0):
 garbage-first heap   total 262144K, used 106526K [0x00000000e0000000, 0x0000000100000000)
  region size 1024K, 1 young (1024K), 1 survivors (1024K)
 Metaspace       used 98166K, capacity 100314K, committed 100380K, reserved 342016K
  class space    used 12086K, capacity 12686K, committed 12748K, reserved 253952K
}
Event: 176.190 GC heap before
{Heap before GC invocations=24 (full 0):
 garbage-first heap   total 262144K, used 218142K [0x00000000e0000000, 0x0000000100000000)
  region size 1024K, 107 young (109568K), 1 survivors (1024K)
 Metaspace       used 101898K, capacity 104153K, committed 104220K, reserved 346112K
  class space    used 12603K, capacity 13238K, committed 13260K, reserved 253952K
}
Event: 176.217 GC heap after
{Heap after GC invocations=25 (full 0):
 garbage-first heap   total 262144K, used 125440K [0x00000000e0000000, 0x0000000100000000)
  region size 1024K, 14 young (14336K), 14 survivors (14336K)
 Metaspace       used 101898K, capacity 104153K, committed 104220K, reserved 346112K
  class space    used 12603K, capacity 13238K, committed 13260K, reserved 253952K
}
Event: 177.425 GC heap before
{Heap before GC invocations=25 (full 0):
 garbage-first heap   total 262144K, used 208384K [0x00000000e0000000, 0x0000000100000000)
  region size 1024K, 96 young (98304K), 14 survivors (14336K)
 Metaspace       used 106405K, capacity 108666K, committed 108828K, reserved 350208K
  class space    used 13319K, capacity 13953K, committed 14028K, reserved 253952K
}
Event: 177.478 GC heap after
{Heap after GC invocations=26 (full 0):
 garbage-first heap   total 262144K, used 135913K [0x00000000e0000000, 0x0000000100000000)
  region size 1024K, 12 young (12288K), 12 survivors (12288K)
 Metaspace       used 106405K, capacity 108666K, committed 108828K, reserved 350208K
  class space    used 13319K, capacity 13953K, committed 14028K, reserved 253952K
}

