# JRE version: Java(TM) SE Runtime Environment (15.0.1+9) (build 15.0.1+9-18)
# Java VM: Java HotSpot(TM) 64-Bit Server VM (15.0.1+9-18, mixed mode, sharing, tiered, compressed oops, g1 gc, windows-amd64)
GC Precious Log:
 CPUs: 4 total, 4 available
 Memory: 8008M
 Large Page Support: Disabled
 NUMA Support: Disabled
 Compressed Oops: Enabled (32-bit)
 Heap Region Size: 1M
 Heap Min Capacity: 256M
 Heap Initial Capacity: 256M
 Heap Max Capacity: 512M
 Pre-touch: Disabled
 Parallel Workers: 4
 Concurrent Workers: 1
 Concurrent Refinement Workers: 4
 Periodic GC: Disabled
Heap:
 garbage-first heap   total 326656K, used 242468K [0x00000000e0000000, 0x0000000100000000)
  region size 1024K, 97 young (99328K), 11 survivors (11264K)
 Metaspace       used 114615K, capacity 116572K, committed 116700K, reserved 356352K
  class space    used 14410K, capacity 14928K, committed 14976K, reserved 253952K
GC Heap History (20 events):
Event: 88.589 GC heap before
{Heap before GC invocations=17 (full 0):
 garbage-first heap   total 262144K, used 204800K [0x00000000e0000000, 0x0000000100000000)
  region size 1024K, 103 young (105472K), 14 survivors (14336K)
 Metaspace       used 101309K, capacity 103157K, committed 103260K, reserved 344064K
  class space    used 12700K, capacity 13236K, committed 13312K, reserved 253952K
}
Event: 88.630 GC heap after
{Heap after GC invocations=18 (full 0):
 garbage-first heap   total 262144K, used 121377K [0x00000000e0000000, 0x0000000100000000)
  region size 1024K, 10 young (10240K), 10 survivors (10240K)
 Metaspace       used 101309K, capacity 103157K, committed 103260K, reserved 344064K
  class space    used 12700K, capacity 13236K, committed 13312K, reserved 253952K
}
Event: 89.769 GC heap before
{Heap before GC invocations=19 (full 0):
 garbage-first heap   total 276480K, used 207393K [0x00000000e0000000, 0x0000000100000000)
  region size 1024K, 95 young (97280K), 10 survivors (10240K)
 Metaspace       used 101588K, capacity 103507K, committed 103772K, reserved 346112K
  class space    used 12717K, capacity 13241K, committed 13312K, reserved 253952K
}
Event: 89.785 GC heap after
{Heap after GC invocations=20 (full 0):
 garbage-first heap   total 276480K, used 120799K [0x00000000e0000000, 0x0000000100000000)
  region size 1024K, 2 young (2048K), 2 survivors (2048K)
 Metaspace       used 101588K, capacity 103507K, committed 103772K, reserved 346112K
  class space    used 12717K, capacity 13241K, committed 13312K, reserved 253952K
}
Event: 91.594 GC heap before
{Heap before GC invocations=20 (full 0):
 garbage-first heap   total 276480K, used 222175K [0x00000000e0000000, 0x0000000100000000)
  region size 1024K, 102 young (104448K), 2 survivors (2048K)
 Metaspace       used 102484K, capacity 104351K, committed 104668K, reserved 346112K
  class space    used 12823K, capacity 13372K, committed 13440K, reserved 253952K
}
Event: 91.613 GC heap after
{Heap after GC invocations=21 (full 0):
 garbage-first heap   total 276480K, used 126421K [0x00000000e0000000, 0x0000000100000000)
  region size 1024K, 8 young (8192K), 8 survivors (8192K)
 Metaspace       used 102484K, capacity 104351K, committed 104668K, reserved 346112K
  class space    used 12823K, capacity 13372K, committed 13440K, reserved 253952K
}
Event: 94.468 GC heap before
{Heap before GC invocations=21 (full 0):
 garbage-first heap   total 276480K, used 227797K [0x00000000e0000000, 0x0000000100000000)
  region size 1024K, 104 young (106496K), 8 survivors (8192K)
 Metaspace       used 103433K, capacity 105361K, committed 105564K, reserved 346112K
  class space    used 12937K, capacity 13473K, committed 13568K, reserved 253952K
}
Event: 94.478 GC heap after
{Heap after GC invocations=22 (full 0):
 garbage-first heap   total 276480K, used 128070K [0x00000000e0000000, 0x0000000100000000)
  region size 1024K, 7 young (7168K), 7 survivors (7168K)
 Metaspace       used 103433K, capacity 105361K, committed 105564K, reserved 346112K
  class space    used 12937K, capacity 13473K, committed 13568K, reserved 253952K
}
Event: 95.493 GC heap before
{Heap before GC invocations=22 (full 0):
 garbage-first heap   total 276480K, used 228422K [0x00000000e0000000, 0x0000000100000000)
  region size 1024K, 104 young (106496K), 7 survivors (7168K)
 Metaspace       used 105189K, capacity 107089K, committed 107356K, reserved 348160K
  class space    used 13195K, capacity 13729K, committed 13824K, reserved 253952K
}
Event: 95.513 GC heap after
{Heap after GC invocations=23 (full 0):
 garbage-first heap   total 276480K, used 138211K [0x00000000e0000000, 0x0000000100000000)
  region size 1024K, 13 young (13312K), 13 survivors (13312K)
 Metaspace       used 105189K, capacity 107089K, committed 107356K, reserved 348160K
  class space    used 13195K, capacity 13729K, committed 13824K, reserved 253952K
}
Event: 96.577 GC heap before
{Heap before GC invocations=23 (full 0):
 garbage-first heap   total 276480K, used 224227K [0x00000000e0000000, 0x0000000100000000)
  region size 1024K, 98 young (100352K), 13 survivors (13312K)
 Metaspace       used 107800K, capacity 109729K, committed 109916K, reserved 350208K
  class space    used 13533K, capacity 14054K, committed 14080K, reserved 253952K
}
Event: 96.623 GC heap after
{Heap after GC invocations=24 (full 0):
 garbage-first heap   total 276480K, used 153058K [0x00000000e0000000, 0x0000000100000000)
  region size 1024K, 13 young (13312K), 13 survivors (13312K)
 Metaspace       used 107800K, capacity 109729K, committed 109916K, reserved 350208K
  class space    used 13533K, capacity 14054K, committed 14080K, reserved 253952K
}
Event: 98.016 GC heap before
{Heap before GC invocations=25 (full 0):
 garbage-first heap   total 306176K, used 217570K [0x00000000e0000000, 0x0000000100000000)
  region size 1024K, 77 young (78848K), 13 survivors (13312K)
 Metaspace       used 111135K, capacity 113087K, committed 113372K, reserved 354304K
  class space    used 14095K, capacity 14641K, committed 14720K, reserved 253952K
}
Event: 98.065 GC heap after
{Heap after GC invocations=26 (full 0):
 garbage-first heap   total 306176K, used 162816K [0x00000000e0000000, 0x0000000100000000)
  region size 1024K, 10 young (10240K), 10 survivors (10240K)
 Metaspace       used 111135K, capacity 113087K, committed 113372K, reserved 354304K
  class space    used 14095K, capacity 14641K, committed 14720K, reserved 253952K
}
Event: 98.112 GC heap before
{Heap before GC invocations=26 (full 0):
 garbage-first heap   total 306176K, used 166912K [0x00000000e0000000, 0x0000000100000000)
  region size 1024K, 14 young (14336K), 10 survivors (10240K)
 Metaspace       used 111255K, capacity 113215K, committed 113372K, reserved 354304K
  class space    used 14114K, capacity 14641K, committed 14720K, reserved 253952K
}
Event: 98.177 GC heap after
{Heap after GC invocations=27 (full 0):
 garbage-first heap   total 306176K, used 147456K [0x00000000e0000000, 0x0000000100000000)
  region size 1024K, 2 young (2048K), 2 survivors (2048K)
 Metaspace       used 111255K, capacity 113215K, committed 113372K, reserved 354304K
  class space    used 14114K, capacity 14641K, committed 14720K, reserved 253952K
}
Event: 99.563 GC heap before
{Heap before GC invocations=27 (full 0):
 garbage-first heap   total 306176K, used 239616K [0x00000000e0000000, 0x0000000100000000)
  region size 1024K, 93 young (95232K), 2 survivors (2048K)
 Metaspace       used 112896K, capacity 114885K, committed 115036K, reserved 354304K
  class space    used 14236K, capacity 14771K, committed 14848K, reserved 253952K
}
Event: 99.582 GC heap after
{Heap after GC invocations=28 (full 0):
 garbage-first heap   total 306176K, used 152223K [0x00000000e0000000, 0x0000000100000000)
  region size 1024K, 7 young (7168K), 7 survivors (7168K)
 Metaspace       used 112896K, capacity 114885K, committed 115036K, reserved 354304K
  class space    used 14236K, capacity 14771K, committed 14848K, reserved 253952K
}
Event: 101.123 GC heap before
{Heap before GC invocations=29 (full 0):
 garbage-first heap   total 326656K, used 243359K [0x00000000e0000000, 0x0000000100000000)
  region size 1024K, 97 young (99328K), 7 survivors (7168K)
 Metaspace       used 114477K, capacity 116444K, committed 116700K, reserved 356352K
  class space    used 14399K, capacity 14928K, committed 14976K, reserved 253952K
}
Event: 101.147 GC heap after
{Heap after GC invocations=30 (full 0):
 garbage-first heap   total 326656K, used 156452K [0x00000000e0000000, 0x0000000100000000)
  region size 1024K, 11 young (11264K), 11 survivors (11264K)
 Metaspace       used 114477K, capacity 116444K, committed 116700K, reserved 356352K
  class space    used 14399K, capacity 14928K, committed 14976K, reserved 253952K
}

