# JRE version: Java(TM) SE Runtime Environment (15.0.1+9) (build 15.0.1+9-18)
# Java VM: Java HotSpot(TM) 64-Bit Server VM (15.0.1+9-18, mixed mode, sharing, tiered, compressed oops, g1 gc, windows-amd64)
GC Precious Log:
 CPUs: 4 total, 4 available
 Memory: 8008M
 Large Page Support: Disabled
 NUMA Support: Disabled
 Compressed Oops: Enabled (32-bit)
 Heap Region Size: 1M
 Heap Min Capacity: 256M
 Heap Initial Capacity: 256M
 Heap Max Capacity: 512M
 Pre-touch: Disabled
 Parallel Workers: 4
 Concurrent Workers: 1
 Concurrent Refinement Workers: 4
 Periodic GC: Disabled
Heap:
 garbage-first heap   total 262144K, used 179019K [0x00000000e0000000, 0x0000000100000000)
  region size 1024K, 69 young (70656K), 14 survivors (14336K)
 Metaspace       used 77660K, capacity 79368K, committed 79536K, reserved 323584K
  class space    used 10184K, capacity 10656K, committed 10752K, reserved 253952K
GC Heap History (20 events):
Event: 10.375 GC heap before
{Heap before GC invocations=3 (full 0):
 garbage-first heap   total 262144K, used 105921K [0x00000000e0000000, 0x0000000100000000)
  region size 1024K, 96 young (98304K), 3 survivors (3072K)
 Metaspace       used 20714K, capacity 21145K, committed 21296K, reserved 272384K
  class space    used 2982K, capacity 3123K, committed 3200K, reserved 253952K
}
Event: 10.392 GC heap after
{Heap after GC invocations=4 (full 0):
 garbage-first heap   total 262144K, used 18876K [0x00000000e0000000, 0x0000000100000000)
  region size 1024K, 10 young (10240K), 10 survivors (10240K)
 Metaspace       used 20714K, capacity 21145K, committed 21296K, reserved 272384K
  class space    used 2982K, capacity 3123K, committed 3200K, reserved 253952K
}
Event: 21.136 GC heap before
{Heap before GC invocations=5 (full 0):
 garbage-first heap   total 262144K, used 115132K [0x00000000e0000000, 0x0000000100000000)
  region size 1024K, 102 young (104448K), 10 survivors (10240K)
 Metaspace       used 35115K, capacity 35782K, committed 35888K, reserved 286720K
  class space    used 4678K, capacity 4899K, committed 4992K, reserved 253952K
}
Event: 21.166 GC heap after
{Heap after GC invocations=6 (full 0):
 garbage-first heap   total 262144K, used 27417K [0x00000000e0000000, 0x0000000100000000)
  region size 1024K, 9 young (9216K), 9 survivors (9216K)
 Metaspace       used 35115K, capacity 35782K, committed 35888K, reserved 286720K
  class space    used 4678K, capacity 4899K, committed 4992K, reserved 253952K
}
Event: 24.729 GC heap before
{Heap before GC invocations=7 (full 0):
 garbage-first heap   total 262144K, used 132889K [0x00000000e0000000, 0x0000000100000000)
  region size 1024K, 110 young (112640K), 9 survivors (9216K)
 Metaspace       used 45411K, capacity 46191K, committed 46384K, reserved 294912K
  class space    used 5926K, capacity 6161K, committed 6272K, reserved 253952K
}
Event: 24.759 GC heap after
{Heap after GC invocations=8 (full 0):
 garbage-first heap   total 262144K, used 40662K [0x00000000e0000000, 0x0000000100000000)
  region size 1024K, 10 young (10240K), 10 survivors (10240K)
 Metaspace       used 45411K, capacity 46191K, committed 46384K, reserved 294912K
  class space    used 5926K, capacity 6161K, committed 6272K, reserved 253952K
}
Event: 37.384 GC heap before
{Heap before GC invocations=8 (full 0):
 garbage-first heap   total 262144K, used 188118K [0x00000000e0000000, 0x0000000100000000)
  region size 1024K, 153 young (156672K), 10 survivors (10240K)
 Metaspace       used 58453K, capacity 59548K, committed 59696K, reserved 307200K
  class space    used 7693K, capacity 8049K, committed 8064K, reserved 253952K
}
Event: 37.435 GC heap after
{Heap after GC invocations=9 (full 0):
 garbage-first heap   total 262144K, used 54657K [0x00000000e0000000, 0x0000000100000000)
  region size 1024K, 20 young (20480K), 20 survivors (20480K)
 Metaspace       used 58453K, capacity 59548K, committed 59696K, reserved 307200K
  class space    used 7693K, capacity 8049K, committed 8064K, reserved 253952K
}
Event: 37.768 GC heap before
{Heap before GC invocations=9 (full 0):
 garbage-first heap   total 262144K, used 63873K [0x00000000e0000000, 0x0000000100000000)
  region size 1024K, 30 young (30720K), 20 survivors (20480K)
 Metaspace       used 59086K, capacity 60157K, committed 60240K, reserved 307200K
  class space    used 7783K, capacity 8162K, committed 8192K, reserved 253952K
}
Event: 37.820 GC heap after
{Heap after GC invocations=10 (full 0):
 garbage-first heap   total 262144K, used 57652K [0x00000000e0000000, 0x0000000100000000)
  region size 1024K, 3 young (3072K), 3 survivors (3072K)
 Metaspace       used 59086K, capacity 60157K, committed 60240K, reserved 307200K
  class space    used 7783K, capacity 8162K, committed 8192K, reserved 253952K
}
Event: 43.832 GC heap before
{Heap before GC invocations=11 (full 0):
 garbage-first heap   total 262144K, used 189748K [0x00000000e0000000, 0x0000000100000000)
  region size 1024K, 132 young (135168K), 3 survivors (3072K)
 Metaspace       used 67683K, capacity 69311K, committed 69552K, reserved 315392K
  class space    used 8965K, capacity 9410K, committed 9472K, reserved 253952K
}
Event: 43.866 GC heap after
{Heap after GC invocations=12 (full 0):
 garbage-first heap   total 262144K, used 71456K [0x00000000e0000000, 0x0000000100000000)
  region size 1024K, 16 young (16384K), 16 survivors (16384K)
 Metaspace       used 67683K, capacity 69311K, committed 69552K, reserved 315392K
  class space    used 8965K, capacity 9410K, committed 9472K, reserved 253952K
}
Event: 50.254 GC heap before
{Heap before GC invocations=13 (full 0):
 garbage-first heap   total 262144K, used 194336K [0x00000000e0000000, 0x0000000100000000)
  region size 1024K, 137 young (140288K), 16 survivors (16384K)
 Metaspace       used 71430K, capacity 73040K, committed 73392K, reserved 317440K
  class space    used 9390K, capacity 9880K, committed 9984K, reserved 253952K
}
Event: 50.317 GC heap after
{Heap after GC invocations=14 (full 0):
 garbage-first heap   total 262144K, used 83488K [0x00000000e0000000, 0x0000000100000000)
  region size 1024K, 13 young (13312K), 13 survivors (13312K)
 Metaspace       used 71430K, capacity 73040K, committed 73392K, reserved 317440K
  class space    used 9390K, capacity 9880K, committed 9984K, reserved 253952K
}
Event: 53.980 GC heap before
{Heap before GC invocations=14 (full 0):
 garbage-first heap   total 262144K, used 199200K [0x00000000e0000000, 0x0000000100000000)
  region size 1024K, 127 young (130048K), 13 survivors (13312K)
 Metaspace       used 72348K, capacity 74015K, committed 74160K, reserved 319488K
  class space    used 9447K, capacity 9939K, committed 9984K, reserved 253952K
}
Event: 54.032 GC heap after
{Heap after GC invocations=15 (full 0):
 garbage-first heap   total 262144K, used 91648K [0x00000000e0000000, 0x0000000100000000)
  region size 1024K, 9 young (9216K), 9 survivors (9216K)
 Metaspace       used 72348K, capacity 74015K, committed 74160K, reserved 319488K
  class space    used 9447K, capacity 9939K, committed 9984K, reserved 253952K
}
Event: 56.390 GC heap before
{Heap before GC invocations=15 (full 0):
 garbage-first heap   total 262144K, used 210432K [0x00000000e0000000, 0x0000000100000000)
  region size 1024K, 120 young (122880K), 9 survivors (9216K)
 Metaspace       used 73345K, capacity 74978K, committed 75056K, reserved 319488K
  class space    used 9595K, capacity 10068K, committed 10112K, reserved 253952K
}
Event: 56.426 GC heap after
{Heap after GC invocations=16 (full 0):
 garbage-first heap   total 262144K, used 106496K [0x00000000e0000000, 0x0000000100000000)
  region size 1024K, 13 young (13312K), 13 survivors (13312K)
 Metaspace       used 73345K, capacity 74978K, committed 75056K, reserved 319488K
  class space    used 9595K, capacity 10068K, committed 10112K, reserved 253952K
}
Event: 58.216 GC heap before
{Heap before GC invocations=16 (full 0):
 garbage-first heap   total 262144K, used 205824K [0x00000000e0000000, 0x0000000100000000)
  region size 1024K, 111 young (113664K), 13 survivors (13312K)
 Metaspace       used 76252K, capacity 77919K, committed 78000K, reserved 321536K
  class space    used 9965K, capacity 10429K, committed 10496K, reserved 253952K
}
Event: 58.271 GC heap after
{Heap after GC invocations=17 (full 0):
 garbage-first heap   total 262144K, used 124747K [0x00000000e0000000, 0x0000000100000000)
  region size 1024K, 14 young (14336K), 14 survivors (14336K)
 Metaspace       used 76252K, capacity 77919K, committed 78000K, reserved 321536K
  class space    used 9965K, capacity 10429K, committed 10496K, reserved 253952K
}

